async function convertCurrency() {
    const amount = document.getElementById('amount').value;
    const crypto = document.getElementById('crypto').value;

    console.log("Amount:", amount);
    console.log("Crypto:", crypto);

    if (!amount) {
        alert('Please enter an amount.');
        return;
    }

    try {
        const response = await fetch(`https://api.coingecko.com/api/v3/simple/price?ids=${crypto}&vs_currencies=usd`);
        const data = await response.json();
        console.log("API Response:", data); // Dodaj ovo da vidiš podatke iz API-ja
        const rate = data[crypto].usd;

        const convertedAmount = (amount / rate).toFixed(6);

        document.getElementById('result').innerText = `${amount} USD = ${convertedAmount} ${crypto.toUpperCase()}`;
    } catch (error) {
        console.error('Error fetching data:', error);
        document.getElementById('result').innerText = 'Error fetching data.';
    }
}
